android/app/build/outputs/logs/manifest-merger-debug-report.txt
-- Merging decision tree log ---
provider#androidx.core.content.FileProvider
INJECTED from src/main/AndroidManifest.xml:87:9-96:20
	android:authorities
		INJECTED from src/main/AndroidManifest.xml
provider#vn.hunghd.flutterdownloader.DownloadedFileProvider
INJECTED from src/main/AndroidManifest.xml:97:9-105:20
	android:authorities
		INJECTED from src/main/AndroidManifest.xml
manifest
ADDED from src/main/AndroidManifest.xml:1:1-117:12
INJECTED from src/main/AndroidManifest.xml:1:1-117:12
INJECTED from src/main/AndroidManifest.xml:1:1-117:12
INJECTED from src/main/AndroidManifest.xml:1:1-117:12
MERGED from src/main/AndroidManifest.xml:1:1-117:12
MERGED from [:android_intent_plus] AndroidManifest.xml:2:1-9:12
MERGED from [:audioplayers_android] AndroidManifest.xml:2:1-9:12
MERGED from [:awesome_notifications] AndroidManifest.xml:2:1-52:12
MERGED from [:cloud_firestore] AndroidManifest.xml:2:1-17:12
MERGED from [:device_info_plus] AndroidManifest.xml:2:1-9:12
MERGED from [:external_path] AndroidManifest.xml:2:1-9:12
MERGED from [:file_picker] AndroidManifest.xml:2:1-17:12
MERGED from [:firebase_storage] AndroidManifest.xml:2:1-17:12
MERGED from [:firebase_core] AndroidManifest.xml:2:1-17:12
MERGED from [:flutter_blue_plus] AndroidManifest.xml:2:1-13:12
MERGED from [:flutter_compass] AndroidManifest.xml:2:1-9:12
MERGED from [:flutter_downloader] AndroidManifest.xml:2:1-18:12
MERGED from [:google_maps_flutter_android] AndroidManifest.xml:2:1-9:12
MERGED from [:flutter_plugin_android_lifecycle] AndroidManifest.xml:2:1-9:12
MERGED from [:geocoding_android] AndroidManifest.xml:2:1-9:12
MERGED from [:geolocator_android] AndroidManifest.xml:2:1-17:12
MERGED from [:location] AndroidManifest.xml:2:1-20:12
MERGED from [:nordic_dfu] AndroidManifest.xml:2:1-38:12
MERGED from [:package_info_plus] AndroidManifest.xml:2:1-9:12
MERGED from [:path_provider_android] AndroidManifest.xml:2:1-9:12
MERGED from [:permission_handler_android] AndroidManifest.xml:2:1-9:12
MERGED from [:share_plus] AndroidManifest.xml:2:1-37:12
MERGED from [:shared_preferences_android] AndroidManifest.xml:2:1-9:12
MERGED from [:sqflite_android] AndroidManifest.xml:2:1-9:12
MERGED from [:telephony] AndroidManifest.xml:2:1-11:12
MERGED from [:vibration] AndroidManifest.xml:2:1-11:12
MERGED from [androidx.work:work-runtime:2.7.1] AndroidManifest.xml:17:1-145:12
MERGED from [no.nordicsemi.android:dfu:2.5.0] AndroidManifest.xml:2:1-51:12
MERGED from [androidx.window:window:1.2.0] AndroidManifest.xml:17:1-31:12
MERGED from [androidx.window:window-java:1.2.0] AndroidManifest.xml:17:1-21:12
MERGED from [me.carda:AndroidAwnCore:0.8.3] AndroidManifest.xml:2:1-31:12
MERGED from [com.google.android.material:material:1.11.0] AndroidManifest.xml:17:1-24:12
MERGED from [androidx.appcompat:appcompat-resources:1.6.1] AndroidManifest.xml:17:1-22:12
MERGED from [androidx.constraintlayout:constraintlayout:2.0.1] AndroidManifest.xml:2:1-11:12
MERGED from [androidx.appcompat:appcompat:1.6.1] AndroidManifest.xml:17:1-22:12
MERGED from [androidx.media:media:1.7.0] AndroidManifest.xml:2:1-7:12
MERGED from [com.google.firebase:firebase-firestore:25.1.0] AndroidManifest.xml:2:1-26:12
MERGED from [com.google.firebase:firebase-storage:21.0.0] AndroidManifest.xml:15:1-39:12
MERGED from [com.google.android.gms:play-services-location:21.2.0] AndroidManifest.xml:2:1-9:12
MERGED from [com.google.android.gms:play-services-maps:18.1.0] AndroidManifest.xml:17:1-44:12
MERGED from [com.google.firebase:firebase-database-collection:18.0.1] AndroidManifest.xml:2:1-9:12
MERGED from [com.google.firebase:firebase-appcheck:18.0.0] AndroidManifest.xml:15:1-34:12
MERGED from [com.google.firebase:firebase-appcheck-interop:17.1.0] AndroidManifest.xml:15:1-23:12
MERGED from [com.google.android.gms:play-services-base:18.3.0] AndroidManifest.xml:16:1-24:12
MERGED from [com.google.firebase:firebase-analytics:22.1.0] AndroidManifest.xml:2:1-9:12
MERGED from [com.google.android.gms:play-services-measurement-api:22.1.0] AndroidManifest.xml:17:1-43:12
MERGED from [com.google.firebase:firebase-installations:18.0.0] AndroidManifest.xml:2:1-24:12
MERGED from [com.google.firebase:firebase-common-ktx:21.0.0] AndroidManifest.xml:2:1-18:12
MERGED from [com.google.firebase:firebase-common:21.0.0] AndroidManifest.xml:15:1-41:12
MERGED from [com.google.android.gms:play-services-measurement:22.1.0] AndroidManifest.xml:17:1-46:12
MERGED from [com.google.android.gms:play-services-measurement-sdk:22.1.0] AndroidManifest.xml:17:1-25:12
MERGED from [com.google.firebase:firebase-auth-interop:19.0.2] AndroidManifest.xml:2:1-10:12
MERGED from [com.google.android.gms:play-services-measurement-impl:22.1.0] AndroidManifest.xml:17:1-32:12
MERGED from [com.google.android.gms:play-services-ads-identifier:18.0.0] AndroidManifest.xml:17:1-27:12
MERGED from [com.google.android.gms:play-services-measurement-sdk-api:22.1.0] AndroidManifest.xml:17:1-30:12
MERGED from [com.google.android.gms:play-services-measurement-base:22.1.0] AndroidManifest.xml:2:1-9:12
MERGED from [com.google.android.gms:play-services-stats:17.0.2] AndroidManifest.xml:2:1-9:12
MERGED from [com.google.firebase:firebase-installations-interop:17.1.1] AndroidManifest.xml:15:1-19:12
MERGED from [androidx.viewpager2:viewpager2:1.0.0] AndroidManifest.xml:17:1-24:12
MERGED from [androidx.fragment:fragment:1.7.1] AndroidManifest.xml:2:1-7:12
MERGED from [androidx.activity:activity:1.8.1] AndroidManifest.xml:17:1-22:12
MERGED from [androidx.lifecycle:lifecycle-livedata-core-ktx:2.7.0] AndroidManifest.xml:2:1-7:12
MERGED from [androidx.lifecycle:lifecycle-livedata-core:2.7.0] AndroidManifest.xml:17:1-22:12
MERGED from [androidx.lifecycle:lifecycle-viewmodel-savedstate:2.7.0] AndroidManifest.xml:17:1-22:12
MERGED from [androidx.dynamicanimation:dynamicanimation:1.0.0] AndroidManifest.xml:17:1-22:12
MERGED from [androidx.legacy:legacy-support-core-utils:1.0.0] AndroidManifest.xml:17:1-22:12
MERGED from [androidx.loader:loader:1.0.0] AndroidManifest.xml:17:1-22:12
MERGED from [androidx.lifecycle:lifecycle-viewmodel:2.7.0] AndroidManifest.xml:17:1-22:12
MERGED from [androidx.lifecycle:lifecycle-service:2.7.0] AndroidManifest.xml:2:1-7:12
MERGED from [androidx.lifecycle:lifecycle-reactivestreams:2.7.0] AndroidManifest.xml:17:1-22:12
MERGED from [androidx.lifecycle:lifecycle-livedata:2.7.0] AndroidManifest.xml:17:1-22:12
MERGED from [androidx.emoji2:emoji2-views-helper:1.2.0] AndroidManifest.xml:2:1-7:12
MERGED from [androidx.emoji2:emoji2:1.2.0] AndroidManifest.xml:17:1-35:12
MERGED from [androidx.lifecycle:lifecycle-process:2.7.0] AndroidManifest.xml:17:1-35:12
MERGED from [androidx.lifecycle:lifecycle-runtime:2.7.0] AndroidManifest.xml:2:1-7:12
MERGED from [androidx.savedstate:savedstate:1.2.1] AndroidManifest.xml:17:1-22:12
MERGED from [androidx.privacysandbox.ads:ads-adservices-java:1.0.0-beta05] AndroidManifest.xml:2:1-7:12
MERGED from [androidx.privacysandbox.ads:ads-adservices:1.0.0-beta05] AndroidManifest.xml:17:1-28:12
MERGED from [com.google.android.gms:play-services-tasks:18.2.0] AndroidManifest.xml:2:1-5:12
MERGED from [com.google.firebase:firebase-measurement-connector:19.0.0] AndroidManifest.xml:17:1-25:12
MERGED from [com.google.android.gms:play-services-basement:18.4.0] AndroidManifest.xml:2:1-9:12
MERGED from [androidx.viewpager:viewpager:1.0.0] AndroidManifest.xml:17:1-22:12
MERGED from [androidx.drawerlayout:drawerlayout:1.1.1] AndroidManifest.xml:17:1-24:12
MERGED from [androidx.coordinatorlayout:coordinatorlayout:1.1.0] AndroidManifest.xml:17:1-24:12
MERGED from [androidx.transition:transition:1.2.0] AndroidManifest.xml:17:1-24:12
MERGED from [androidx.vectordrawable:vectordrawable-animated:1.1.0] AndroidManifest.xml:17:1-24:12
MERGED from [androidx.vectordrawable:vectordrawable:1.1.0] AndroidManifest.xml:17:1-24:12
MERGED from [androidx.recyclerview:recyclerview:1.1.0] AndroidManifest.xml:17:1-24:12
MERGED from [androidx.customview:customview:1.1.0] AndroidManifest.xml:17:1-24:12
MERGED from [androidx.core:core:1.13.1] AndroidManifest.xml:17:1-30:12
MERGED from [androidx.core:core-ktx:1.13.1] AndroidManifest.xml:2:1-7:12
MERGED from [androidx.room:room-runtime:2.5.0] AndroidManifest.xml:17:1-31:12
MERGED from [androidx.sqlite:sqlite-framework:2.3.0] AndroidManifest.xml:17:1-22:12
MERGED from [androidx.sqlite:sqlite:2.3.0] AndroidManifest.xml:17:1-22:12
MERGED from [androidx.profileinstaller:profileinstaller:1.3.1] AndroidManifest.xml:17:1-55:12
MERGED from [androidx.startup:startup-runtime:1.1.1] AndroidManifest.xml:17:1-33:12
MERGED from [androidx.tracing:tracing:1.2.0] AndroidManifest.xml:17:1-22:12
MERGED from [androidx.localbroadcastmanager:localbroadcastmanager:1.1.0] AndroidManifest.xml:17:1-24:12
MERGED from [com.google.firebase:firebase-components:18.0.0] AndroidManifest.xml:15:1-20:12
MERGED from [androidx.arch.core:core-runtime:2.2.0] AndroidManifest.xml:17:1-22:12
MERGED from [androidx.interpolator:interpolator:1.0.0] AndroidManifest.xml:17:1-22:12
MERGED from [androidx.versionedparcelable:versionedparcelable:1.1.1] AndroidManifest.xml:17:1-27:12
MERGED from [androidx.cursoradapter:cursoradapter:1.0.0] AndroidManifest.xml:17:1-22:12
MERGED from [androidx.cardview:cardview:1.0.0] AndroidManifest.xml:17:1-22:12
MERGED from [androidx.documentfile:documentfile:1.0.0] AndroidManifest.xml:17:1-22:12
MERGED from [androidx.print:print:1.0.0] AndroidManifest.xml:17:1-22:12
MERGED from [androidx.window.extensions.core:core:1.0.0] AndroidManifest.xml:2:1-7:12
MERGED from [androidx.annotation:annotation-experimental:1.4.0] AndroidManifest.xml:2:1-7:12
MERGED from [io.grpc:grpc-android:1.62.2] AndroidManifest.xml:2:1-9:12
MERGED from [com.getkeepsafe.relinker:relinker:1.4.5] AndroidManifest.xml:2:1-7:12
MERGED from [me.leolin:ShortcutBadger:1.1.22] AndroidManifest.xml:2:1-52:12
MERGED from [com.google.firebase:protolite-well-known-types:18.0.0] AndroidManifest.xml:2:1-11:12
INJECTED from src/debug/AndroidManifest.xml:1:1-13:12
INJECTED from src/debug/AndroidManifest.xml:1:1-13:12
INJECTED from src/debug/AndroidManifest.xml:1:1-13:12
	package
		ADDED from src/main/AndroidManifest.xml:3:5-33
		INJECTED from src/main/AndroidManifest.xml
		INJECTED from src/debug/AndroidManifest.xml
	android:versionName
		INJECTED from src/main/AndroidManifest.xml
		ADDED from src/main/AndroidManifest.xml:1:1-117:12
		INJECTED from src/debug/AndroidManifest.xml
	xmlns:tools
		ADDED from src/main/AndroidManifest.xml:2:5-51
		ADDED from src/main/AndroidManifest.xml:2:5-51
	android:versionCode
		INJECTED from src/main/AndroidManifest.xml
		ADDED from src/main/AndroidManifest.xml:1:1-117:12
		INJECTED from src/debug/AndroidManifest.xml
	xmlns:android
		ADDED from src/main/AndroidManifest.xml:1:11-69
uses-permission#android.permission.INTERNET
ADDED from src/main/AndroidManifest.xml:5:5-67
MERGED from src/main/AndroidManifest.xml:5:5-67
MERGED from src/main/AndroidManifest.xml:5:5-67
MERGED from [com.google.firebase:firebase-firestore:25.1.0] AndroidManifest.xml:11:5-67
MERGED from [com.google.firebase:firebase-firestore:25.1.0] AndroidManifest.xml:11:5-67
MERGED from [com.google.firebase:firebase-storage:21.0.0] AndroidManifest.xml:24:5-67
MERGED from [com.google.firebase:firebase-storage:21.0.0] AndroidManifest.xml:24:5-67
MERGED from [com.google.android.gms:play-services-maps:18.1.0] AndroidManifest.xml:24:5-67
MERGED from [com.google.android.gms:play-services-maps:18.1.0] AndroidManifest.xml:24:5-67
MERGED from [com.google.android.gms:play-services-measurement-api:22.1.0] AndroidManifest.xml:22:5-67
MERGED from [com.google.android.gms:play-services-measurement-api:22.1.0] AndroidManifest.xml:22:5-67
MERGED from [com.google.firebase:firebase-installations:18.0.0] AndroidManifest.xml:8:5-67
MERGED from [com.google.firebase:firebase-installations:18.0.0] AndroidManifest.xml:8:5-67
MERGED from [com.google.android.gms:play-services-measurement:22.1.0] AndroidManifest.xml:23:5-67
MERGED from [com.google.android.gms:play-services-measurement:22.1.0] AndroidManifest.xml:23:5-67
MERGED from [com.google.android.gms:play-services-measurement-impl:22.1.0] AndroidManifest.xml:23:5-67
MERGED from [com.google.android.gms:play-services-measurement-impl:22.1.0] AndroidManifest.xml:23:5-67
MERGED from [com.google.android.gms:play-services-measurement-sdk-api:22.1.0] AndroidManifest.xml:23:5-67
MERGED from [com.google.android.gms:play-services-measurement-sdk-api:22.1.0] AndroidManifest.xml:23:5-67
	android:name
		ADDED from src/main/AndroidManifest.xml:5:22-64
uses-permission#android.permission.FOREGROUND_SERVICE
ADDED from src/main/AndroidManifest.xml:6:5-77
MERGED from [:nordic_dfu] AndroidManifest.xml:28:5-77
MERGED from [:nordic_dfu] AndroidManifest.xml:28:5-77
MERGED from [androidx.work:work-runtime:2.7.1] AndroidManifest.xml:28:5-77
MERGED from [androidx.work:work-runtime:2.7.1] AndroidManifest.xml:28:5-77
	android:name
		ADDED from src/main/AndroidManifest.xml:6:22-74
uses-permission#android.permission.ACCESS_FINE_LOCATION
ADDED from src/main/AndroidManifest.xml:7:5-79
MERGED from src/main/AndroidManifest.xml:7:5-79
MERGED from src/main/AndroidManifest.xml:7:5-79
MERGED from [:location] AndroidManifest.xml:10:5-79
MERGED from [:location] AndroidManifest.xml:10:5-79
	android:name
		ADDED from src/main/AndroidManifest.xml:7:22-76
uses-permission#android.permission.ACCESS_COARSE_LOCATION
ADDED from src/main/AndroidManifest.xml:8:5-81
MERGED from src/main/AndroidManifest.xml:8:5-81
MERGED from src/main/AndroidManifest.xml:8:5-81
MERGED from [:location] AndroidManifest.xml:9:5-81
MERGED from [:location] AndroidManifest.xml:9:5-81
MERGED from [:telephony] AndroidManifest.xml:9:5-81
MERGED from [:telephony] AndroidManifest.xml:9:5-81
	android:name
		ADDED from src/main/AndroidManifest.xml:8:22-78
uses-permission#android.permission.VIBRATE
ADDED from src/main/AndroidManifest.xml:9:5-66
MERGED from src/main/AndroidManifest.xml:9:5-66
MERGED from src/main/AndroidManifest.xml:9:5-66
MERGED from [:awesome_notifications] AndroidManifest.xml:12:5-66
MERGED from [:awesome_notifications] AndroidManifest.xml:12:5-66
MERGED from [:vibration] AndroidManifest.xml:9:5-66
MERGED from [:vibration] AndroidManifest.xml:9:5-66
	android:name
		ADDED from src/main/AndroidManifest.xml:9:22-63
uses-permission#android.permission.SCHEDULE_EXACT_ALARM
ADDED from src/main/AndroidManifest.xml:10:5-79
	android:name
		ADDED from src/main/AndroidManifest.xml:10:22-76
uses-permission#android.permission.READ_EXTERNAL_STORAGE
ADDED from src/main/AndroidManifest.xml:11:5-80
	android:name
		ADDED from src/main/AndroidManifest.xml:11:22-77
uses-permission#android.permission.WRITE_EXTERNAL_STORAGE
ADDED from src/main/AndroidManifest.xml:12:5-14:38
	android:maxSdkVersion
		ADDED from src/main/AndroidManifest.xml:14:9-35
	android:name
		ADDED from src/main/AndroidManifest.xml:13:9-65
uses-permission#android.permission.MANAGE_EXTERNAL_STORAGE
ADDED from src/main/AndroidManifest.xml:15:5-17:40
	tools:ignore
		ADDED from src/main/AndroidManifest.xml:17:9-37
	android:name
		ADDED from src/main/AndroidManifest.xml:16:9-66
uses-permission#android.permission.BLUETOOTH
ADDED from src/main/AndroidManifest.xml:18:5-68
MERGED from src/main/AndroidManifest.xml:18:5-68
MERGED from src/main/AndroidManifest.xml:18:5-68
MERGED from [:nordic_dfu] AndroidManifest.xml:10:5-12:38
MERGED from [:nordic_dfu] AndroidManifest.xml:10:5-12:38
MERGED from [no.nordicsemi.android:dfu:2.5.0] AndroidManifest.xml:20:5-22:38
MERGED from [no.nordicsemi.android:dfu:2.5.0] AndroidManifest.xml:20:5-22:38
	android:maxSdkVersion
		ADDED from [:nordic_dfu] AndroidManifest.xml:12:9-35
	android:name
		ADDED from src/main/AndroidManifest.xml:18:22-65
uses-permission#android.permission.BLUETOOTH_ADMIN
ADDED from src/main/AndroidManifest.xml:19:5-74
MERGED from src/main/AndroidManifest.xml:19:5-74
MERGED from src/main/AndroidManifest.xml:19:5-74
MERGED from [:nordic_dfu] AndroidManifest.xml:13:5-15:38
MERGED from [:nordic_dfu] AndroidManifest.xml:13:5-15:38
MERGED from [no.nordicsemi.android:dfu:2.5.0] AndroidManifest.xml:28:5-30:38
MERGED from [no.nordicsemi.android:dfu:2.5.0] AndroidManifest.xml:28:5-30:38
	android:maxSdkVersion
		ADDED from [:nordic_dfu] AndroidManifest.xml:15:9-35
	android:name
		ADDED from src/main/AndroidManifest.xml:19:22-71
uses-permission#android.permission.BLUETOOTH_CONNECT
ADDED from src/main/AndroidManifest.xml:20:5-76
MERGED from [:nordic_dfu] AndroidManifest.xml:22:5-76
MERGED from [:nordic_dfu] AndroidManifest.xml:22:5-76
MERGED from [no.nordicsemi.android:dfu:2.5.0] AndroidManifest.xml:49:5-76
MERGED from [no.nordicsemi.android:dfu:2.5.0] AndroidManifest.xml:49:5-76
	android:name
		ADDED from src/main/AndroidManifest.xml:20:22-73
uses-permission#android.permission.BLUETOOTH_SCAN
ADDED from src/main/AndroidManifest.xml:21:5-73
MERGED from [:nordic_dfu] AndroidManifest.xml:27:5-73
MERGED from [:nordic_dfu] AndroidManifest.xml:27:5-73
	android:name
		ADDED from src/main/AndroidManifest.xml:21:22-70
uses-permission#android.permission.READ_CALENDAR
ADDED from src/main/AndroidManifest.xml:22:5-72
	android:name
		ADDED from src/main/AndroidManifest.xml:22:22-69
uses-permission#android.permission.WRITE_CALENDAR
ADDED from src/main/AndroidManifest.xml:23:5-73
	android:name
		ADDED from src/main/AndroidManifest.xml:23:22-70
uses-permission#android.permission.POST_NOTIFICATIONS
ADDED from src/main/AndroidManifest.xml:24:5-77
MERGED from [:awesome_notifications] AndroidManifest.xml:9:5-77
MERGED from [:awesome_notifications] AndroidManifest.xml:9:5-77
MERGED from [:flutter_downloader] AndroidManifest.xml:16:5-77
MERGED from [:flutter_downloader] AndroidManifest.xml:16:5-77
MERGED from [me.carda:AndroidAwnCore:0.8.3] AndroidManifest.xml:9:5-77
MERGED from [me.carda:AndroidAwnCore:0.8.3] AndroidManifest.xml:9:5-77
	android:name
		ADDED from src/main/AndroidManifest.xml:24:22-74
uses-feature#android.hardware.bluetooth_le
ADDED from src/main/AndroidManifest.xml:26:5-28:35
	android:required
		ADDED from src/main/AndroidManifest.xml:28:9-32
	android:name
		ADDED from src/main/AndroidManifest.xml:27:9-53
uses-feature#android.hardware.usb.host
ADDED from src/main/AndroidManifest.xml:29:5-62
	android:name
		ADDED from src/main/AndroidManifest.xml:29:19-59
uses-permission#android.hardware.usb.accessory
ADDED from src/main/AndroidManifest.xml:31:5-70
	android:name
		ADDED from src/main/AndroidManifest.xml:31:22-67
application
ADDED from src/main/AndroidManifest.xml:33:5-116:19
MERGED from [:awesome_notifications] AndroidManifest.xml:14:5-50:19
MERGED from [:awesome_notifications] AndroidManifest.xml:14:5-50:19
MERGED from [:cloud_firestore] AndroidManifest.xml:9:5-15:19
MERGED from [:cloud_firestore] AndroidManifest.xml:9:5-15:19
MERGED from [:firebase_storage] AndroidManifest.xml:9:5-15:19
MERGED from [:firebase_storage] AndroidManifest.xml:9:5-15:19
MERGED from [:firebase_core] AndroidManifest.xml:9:5-15:19
MERGED from [:firebase_core] AndroidManifest.xml:9:5-15:19
MERGED from [:geolocator_android] AndroidManifest.xml:9:5-15:19
MERGED from [:geolocator_android] AndroidManifest.xml:9:5-15:19
MERGED from [:location] AndroidManifest.xml:12:5-18:19
MERGED from [:location] AndroidManifest.xml:12:5-18:19
MERGED from [:nordic_dfu] AndroidManifest.xml:31:5-36:19
MERGED from [:nordic_dfu] AndroidManifest.xml:31:5-36:19
MERGED from [:share_plus] AndroidManifest.xml:9:5-35:19
MERGED from [:share_plus] AndroidManifest.xml:9:5-35:19
MERGED from [androidx.work:work-runtime:2.7.1] AndroidManifest.xml:30:5-143:19
MERGED from [androidx.work:work-runtime:2.7.1] AndroidManifest.xml:30:5-143:19
MERGED from [androidx.window:window:1.2.0] AndroidManifest.xml:22:5-29:19
MERGED from [androidx.window:window:1.2.0] AndroidManifest.xml:22:5-29:19
MERGED from [me.carda:AndroidAwnCore:0.8.3] AndroidManifest.xml:14:5-29:19
MERGED from [me.carda:AndroidAwnCore:0.8.3] AndroidManifest.xml:14:5-29:19
MERGED from [com.google.android.material:material:1.11.0] AndroidManifest.xml:22:5-20
MERGED from [com.google.android.material:material:1.11.0] AndroidManifest.xml:22:5-20
MERGED from [androidx.constraintlayout:constraintlayout:2.0.1] AndroidManifest.xml:9:5-20
MERGED from [androidx.constraintlayout:constraintlayout:2.0.1] AndroidManifest.xml:9:5-20
MERGED from [com.google.firebase:firebase-firestore:25.1.0] AndroidManifest.xml:13:5-24:19
MERGED from [com.google.firebase:firebase-firestore:25.1.0] AndroidManifest.xml:13:5-24:19
MERGED from [com.google.firebase:firebase-storage:21.0.0] AndroidManifest.xml:26:5-37:19
MERGED from [com.google.firebase:firebase-storage:21.0.0] AndroidManifest.xml:26:5-37:19
MERGED from [com.google.android.gms:play-services-location:21.2.0] AndroidManifest.xml:7:5-20
MERGED from [com.google.android.gms:play-services-location:21.2.0] AndroidManifest.xml:7:5-20
MERGED from [com.google.android.gms:play-services-maps:18.1.0] AndroidManifest.xml:36:5-42:19
MERGED from [com.google.android.gms:play-services-maps:18.1.0] AndroidManifest.xml:36:5-42:19
MERGED from [com.google.firebase:firebase-appcheck:18.0.0] AndroidManifest.xml:21:5-32:19
MERGED from [com.google.firebase:firebase-appcheck:18.0.0] AndroidManifest.xml:21:5-32:19
MERGED from [com.google.firebase:firebase-appcheck-interop:17.1.0] AndroidManifest.xml:21:5-20
MERGED from [com.google.firebase:firebase-appcheck-interop:17.1.0] AndroidManifest.xml:21:5-20
MERGED from [com.google.android.gms:play-services-base:18.3.0] AndroidManifest.xml:19:5-23:19
MERGED from [com.google.android.gms:play-services-base:18.3.0] AndroidManifest.xml:19:5-23:19
MERGED from [com.google.firebase:firebase-analytics:22.1.0] AndroidManifest.xml:7:5-20
MERGED from [com.google.firebase:firebase-analytics:22.1.0] AndroidManifest.xml:7:5-20
MERGED from [com.google.android.gms:play-services-measurement-api:22.1.0] AndroidManifest.xml:29:5-41:19
MERGED from [com.google.android.gms:play-services-measurement-api:22.1.0] AndroidManifest.xml:29:5-41:19
MERGED from [com.google.firebase:firebase-installations:18.0.0] AndroidManifest.xml:11:5-22:19
MERGED from [com.google.firebase:firebase-installations:18.0.0] AndroidManifest.xml:11:5-22:19
MERGED from [com.google.firebase:firebase-common-ktx:21.0.0] AndroidManifest.xml:8:5-16:19
MERGED from [com.google.firebase:firebase-common-ktx:21.0.0] AndroidManifest.xml:8:5-16:19
MERGED from [com.google.firebase:firebase-common:21.0.0] AndroidManifest.xml:22:5-39:19
MERGED from [com.google.firebase:firebase-common:21.0.0] AndroidManifest.xml:22:5-39:19
MERGED from [com.google.android.gms:play-services-measurement:22.1.0] AndroidManifest.xml:28:5-44:19
MERGED from [com.google.android.gms:play-services-measurement:22.1.0] AndroidManifest.xml:28:5-44:19
MERGED from [com.google.android.gms:play-services-measurement-sdk:22.1.0] AndroidManifest.xml:22:5-23:19
MERGED from [com.google.android.gms:play-services-measurement-sdk:22.1.0] AndroidManifest.xml:22:5-23:19
MERGED from [com.google.firebase:firebase-auth-interop:19.0.2] AndroidManifest.xml:7:5-8:19
MERGED from [com.google.firebase:firebase-auth-interop:19.0.2] AndroidManifest.xml:7:5-8:19
MERGED from [com.google.android.gms:play-services-measurement-impl:22.1.0] AndroidManifest.xml:29:5-30:19
MERGED from [com.google.android.gms:play-services-measurement-impl:22.1.0] AndroidManifest.xml:29:5-30:19
MERGED from [com.google.android.gms:play-services-ads-identifier:18.0.0] AndroidManifest.xml:25:5-20
MERGED from [com.google.android.gms:play-services-ads-identifier:18.0.0] AndroidManifest.xml:25:5-20
MERGED from [com.google.android.gms:play-services-measurement-base:22.1.0] AndroidManifest.xml:7:5-20
MERGED from [com.google.android.gms:play-services-measurement-base:22.1.0] AndroidManifest.xml:7:5-20
MERGED from [com.google.android.gms:play-services-stats:17.0.2] AndroidManifest.xml:7:5-20
MERGED from [com.google.android.gms:play-services-stats:17.0.2] AndroidManifest.xml:7:5-20
MERGED from [androidx.emoji2:emoji2:1.2.0] AndroidManifest.xml:23:5-33:19
MERGED from [androidx.emoji2:emoji2:1.2.0] AndroidManifest.xml:23:5-33:19
MERGED from [androidx.lifecycle:lifecycle-process:2.7.0] AndroidManifest.xml:23:5-33:19
MERGED from [androidx.lifecycle:lifecycle-process:2.7.0] AndroidManifest.xml:23:5-33:19
MERGED from [androidx.privacysandbox.ads:ads-adservices:1.0.0-beta05] AndroidManifest.xml:22:5-26:19
MERGED from [androidx.privacysandbox.ads:ads-adservices:1.0.0-beta05] AndroidManifest.xml:22:5-26:19
MERGED from [com.google.android.gms:play-services-tasks:18.2.0] AndroidManifest.xml:4:5-20
MERGED from [com.google.android.gms:play-services-tasks:18.2.0] AndroidManifest.xml:4:5-20
MERGED from [com.google.firebase:firebase-measurement-connector:19.0.0] AndroidManifest.xml:22:5-23:19
MERGED from [com.google.firebase:firebase-measurement-connector:19.0.0] AndroidManifest.xml:22:5-23:19
MERGED from [com.google.android.gms:play-services-basement:18.4.0] AndroidManifest.xml:5:5-7:19
MERGED from [com.google.android.gms:play-services-basement:18.4.0] AndroidManifest.xml:5:5-7:19
MERGED from [androidx.core:core:1.13.1] AndroidManifest.xml:28:5-89
MERGED from [androidx.core:core:1.13.1] AndroidManifest.xml:28:5-89
MERGED from [androidx.room:room-runtime:2.5.0] AndroidManifest.xml:23:5-29:19
MERGED from [androidx.room:room-runtime:2.5.0] AndroidManifest.xml:23:5-29:19
MERGED from [androidx.profileinstaller:profileinstaller:1.3.1] AndroidManifest.xml:23:5-53:19
MERGED from [androidx.profileinstaller:profileinstaller:1.3.1] AndroidManifest.xml:23:5-53:19
MERGED from [androidx.startup:startup-runtime:1.1.1] AndroidManifest.xml:25:5-31:19
MERGED from [androidx.startup:startup-runtime:1.1.1] AndroidManifest.xml:25:5-31:19
MERGED from [androidx.versionedparcelable:versionedparcelable:1.1.1] AndroidManifest.xml:24:5-25:19
MERGED from [androidx.versionedparcelable:versionedparcelable:1.1.1] AndroidManifest.xml:24:5-25:19
	android:requestLegacyExternalStorage
		ADDED from src/main/AndroidManifest.xml:36:9-52
	android:appComponentFactory
		ADDED from [androidx.core:core:1.13.1] AndroidManifest.xml:28:18-86
	android:label
		ADDED from src/main/AndroidManifest.xml:35:9-35
	android:icon
		ADDED from src/main/AndroidManifest.xml:34:9-43
service#com.realsil.sdk.dfu.DfuService
ADDED from src/main/AndroidManifest.xml:37:9-40:40
	android:enabled
		ADDED from src/main/AndroidManifest.xml:39:13-35
	android:exported
		ADDED from src/main/AndroidManifest.xml:40:13-37
	android:name
		ADDED from src/main/AndroidManifest.xml:38:13-58
service#co.takva.masjidhub.MyNotificationListener
ADDED from src/main/AndroidManifest.xml:41:9-48:19
	android:exported
		ADDED from src/main/AndroidManifest.xml:43:13-37
	android:permission
		ADDED from src/main/AndroidManifest.xml:44:13-87
	android:name
		ADDED from src/main/AndroidManifest.xml:42:13-51
intent-filter#action:name:android.service.notification.NotificationListenerService
ADDED from src/main/AndroidManifest.xml:45:13-47:29
action#android.service.notification.NotificationListenerService
ADDED from src/main/AndroidManifest.xml:46:17-99
	android:name
		ADDED from src/main/AndroidManifest.xml:46:25-96
meta-data#com.google.android.geo.API_KEY
ADDED from src/main/AndroidManifest.xml:50:9-52:71
	android:value
		ADDED from src/main/AndroidManifest.xml:52:13-68
	android:name
		ADDED from src/main/AndroidManifest.xml:51:13-58
activity#co.takva.masjidhub.MainActivity
ADDED from src/main/AndroidManifest.xml:53:9-80:20
	android:launchMode
		ADDED from src/main/AndroidManifest.xml:58:13-43
	android:hardwareAccelerated
		ADDED from src/main/AndroidManifest.xml:57:13-47
	android:windowSoftInputMode
		ADDED from src/main/AndroidManifest.xml:60:13-55
	android:exported
		ADDED from src/main/AndroidManifest.xml:56:13-36
	android:configChanges
		ADDED from src/main/AndroidManifest.xml:55:13-163
	android:theme
		ADDED from src/main/AndroidManifest.xml:59:13-53
	android:name
		ADDED from src/main/AndroidManifest.xml:54:13-41
meta-data#io.flutter.embedding.android.NormalTheme
ADDED from src/main/AndroidManifest.xml:65:13-67:57
	android:resource
		ADDED from src/main/AndroidManifest.xml:67:17-54
	android:name
		ADDED from src/main/AndroidManifest.xml:66:17-72
meta-data#io.flutter.embedding.android.SplashScreenDrawable
ADDED from src/main/AndroidManifest.xml:73:13-75:66
	android:resource
		ADDED from src/main/AndroidManifest.xml:75:17-63
	android:name
		ADDED from src/main/AndroidManifest.xml:74:17-81
intent-filter#action:name:android.intent.action.MAIN+category:name:android.intent.category.LAUNCHER
ADDED from src/main/AndroidManifest.xml:76:13-79:29
action#android.intent.action.MAIN
ADDED from src/main/AndroidManifest.xml:77:17-69
	android:name
		ADDED from src/main/AndroidManifest.xml:77:25-66
category#android.intent.category.LAUNCHER
ADDED from src/main/AndroidManifest.xml:78:17-77
	android:name
		ADDED from src/main/AndroidManifest.xml:78:27-74
meta-data#flutterEmbedding
ADDED from src/main/AndroidManifest.xml:83:9-85:33
	android:value
		ADDED from src/main/AndroidManifest.xml:85:13-30
	android:name
		ADDED from src/main/AndroidManifest.xml:84:13-44
receiver#com.shounakmulay.telephony.sms.IncomingSmsReceiver
ADDED from src/main/AndroidManifest.xml:107:9-114:20
	android:exported
		ADDED from src/main/AndroidManifest.xml:109:13-36
	android:permission
		ADDED from src/main/AndroidManifest.xml:110:13-66
	android:name
		ADDED from src/main/AndroidManifest.xml:108:13-78
intent-filter#action:name:android.provider.Telephony.SMS_RECEIVED
ADDED from src/main/AndroidManifest.xml:111:13-113:29
action#android.provider.Telephony.SMS_RECEIVED
ADDED from src/main/AndroidManifest.xml:112:17-82
	android:name
		ADDED from src/main/AndroidManifest.xml:112:25-79
uses-sdk
INJECTED from src/main/AndroidManifest.xml reason: use-sdk injection requested
INJECTED from src/main/AndroidManifest.xml
INJECTED from src/main/AndroidManifest.xml
MERGED from [:android_intent_plus] AndroidManifest.xml:5:5-7:41
MERGED from [:android_intent_plus] AndroidManifest.xml:5:5-7:41
MERGED from [:audioplayers_android] AndroidManifest.xml:5:5-7:41